make tater-chip-8 --dry-run --always-make --keep-going --print-directory
make: Entering directory '/home/kyle/clones/tater-chip-8'
mkdir -p obj	 
g++ -I. -I/usr/include/SDL2 -c -std=c++17 -g -o obj/Chip8.o Chip8.cpp
mkdir -p obj	 
g++ -I. -I/usr/include/SDL2 -c -std=c++17 -g -o obj/Timer.o Timer.cpp
mkdir -p obj	 
g++ -I. -I/usr/include/SDL2 -c -std=c++17 -g -o obj/SoundTimer.o SoundTimer.cpp
mkdir -p obj	 
g++ -I. -I/usr/include/SDL2 -c -std=c++17 -g -o obj/Chip8SdlWrapper.o Chip8SdlWrapper.cpp
mkdir -p obj	 
g++ -I. -I/usr/include/SDL2 -c -std=c++17 -g -o obj/InstructionFactory.o InstructionFactory.cpp
mkdir -p obj/instructions	 
g++ -I. -I/usr/include/SDL2 -c -std=c++17 -g -o obj/instructions/InstructionBase.o instructions/InstructionBase.cpp
mkdir -p obj/instructions	 
g++ -I. -I/usr/include/SDL2 -c -std=c++17 -g -o obj/instructions/ClearScreen.o instructions/ClearScreen.cpp
mkdir -p obj/instructions	 
g++ -I. -I/usr/include/SDL2 -c -std=c++17 -g -o obj/instructions/Display.o instructions/Display.cpp
mkdir -p obj/instructions	 
g++ -I. -I/usr/include/SDL2 -c -std=c++17 -g -o obj/instructions/Jump.o instructions/Jump.cpp
mkdir -p obj/instructions	 
g++ -I. -I/usr/include/SDL2 -c -std=c++17 -g -o obj/instructions/SetReg.o instructions/SetReg.cpp
mkdir -p obj/instructions	 
g++ -I. -I/usr/include/SDL2 -c -std=c++17 -g -o obj/instructions/Add.o instructions/Add.cpp
mkdir -p obj/instructions	 
g++ -I. -I/usr/include/SDL2 -c -std=c++17 -g -o obj/instructions/SetIndex.o instructions/SetIndex.cpp
mkdir -p obj/instructions	 
g++ -I. -I/usr/include/SDL2 -c -std=c++17 -g -o obj/instructions/Subroutine.o instructions/Subroutine.cpp
mkdir -p obj/instructions	 
g++ -I. -I/usr/include/SDL2 -c -std=c++17 -g -o obj/instructions/SubroutineReturn.o instructions/SubroutineReturn.cpp
mkdir -p obj/instructions	 
g++ -I. -I/usr/include/SDL2 -c -std=c++17 -g -o obj/instructions/SkipIfXEqual.o instructions/SkipIfXEqual.cpp
mkdir -p obj/instructions	 
g++ -I. -I/usr/include/SDL2 -c -std=c++17 -g -o obj/instructions/SkipIfXNotEqual.o instructions/SkipIfXNotEqual.cpp
mkdir -p obj/instructions	 
g++ -I. -I/usr/include/SDL2 -c -std=c++17 -g -o obj/instructions/SkipIfXYEqual.o instructions/SkipIfXYEqual.cpp
mkdir -p obj/instructions	 
g++ -I. -I/usr/include/SDL2 -c -std=c++17 -g -o obj/instructions/SkipIfXYNotEqual.o instructions/SkipIfXYNotEqual.cpp
mkdir -p obj/instructions	 
g++ -I. -I/usr/include/SDL2 -c -std=c++17 -g -o obj/instructions/Set.o instructions/Set.cpp
mkdir -p obj/instructions	 
g++ -I. -I/usr/include/SDL2 -c -std=c++17 -g -o obj/instructions/BinaryOr.o instructions/BinaryOr.cpp
mkdir -p obj/instructions	 
g++ -I. -I/usr/include/SDL2 -c -std=c++17 -g -o obj/instructions/BinaryAnd.o instructions/BinaryAnd.cpp
mkdir -p obj/instructions	 
g++ -I. -I/usr/include/SDL2 -c -std=c++17 -g -o obj/instructions/LogicalXor.o instructions/LogicalXor.cpp
mkdir -p obj/instructions	 
g++ -I. -I/usr/include/SDL2 -c -std=c++17 -g -o obj/instructions/AddWithCarry.o instructions/AddWithCarry.cpp
mkdir -p obj/instructions	 
g++ -I. -I/usr/include/SDL2 -c -std=c++17 -g -o obj/instructions/Subtract.o instructions/Subtract.cpp
mkdir -p obj/instructions	 
g++ -I. -I/usr/include/SDL2 -c -std=c++17 -g -o obj/instructions/SubtractYfromX.o instructions/SubtractYfromX.cpp
mkdir -p obj/instructions	 
g++ -I. -I/usr/include/SDL2 -c -std=c++17 -g -o obj/instructions/SubtractXfromY.o instructions/SubtractXfromY.cpp
mkdir -p obj/instructions	 
g++ -I. -I/usr/include/SDL2 -c -std=c++17 -g -o obj/instructions/ShiftLeft.o instructions/ShiftLeft.cpp
mkdir -p obj/instructions	 
g++ -I. -I/usr/include/SDL2 -c -std=c++17 -g -o obj/instructions/ShiftRight.o instructions/ShiftRight.cpp
mkdir -p obj/instructions	 
g++ -I. -I/usr/include/SDL2 -c -std=c++17 -g -o obj/instructions/Random.o instructions/Random.cpp
mkdir -p obj/instructions	 
g++ -I. -I/usr/include/SDL2 -c -std=c++17 -g -o obj/instructions/JumpWithOffSet.o instructions/JumpWithOffSet.cpp
mkdir -p obj/instructions	 
g++ -I. -I/usr/include/SDL2 -c -std=c++17 -g -o obj/instructions/SkipIfKeyPressed.o instructions/SkipIfKeyPressed.cpp
mkdir -p obj/instructions	 
g++ -I. -I/usr/include/SDL2 -c -std=c++17 -g -o obj/instructions/SkipIfKeyNotPressed.o instructions/SkipIfKeyNotPressed.cpp
mkdir -p obj/instructions	 
g++ -I. -I/usr/include/SDL2 -c -std=c++17 -g -o obj/instructions/SetSoundTimer.o instructions/SetSoundTimer.cpp
mkdir -p obj/instructions	 
g++ -I. -I/usr/include/SDL2 -c -std=c++17 -g -o obj/instructions/SetXToDelayTimer.o instructions/SetXToDelayTimer.cpp
mkdir -p obj/instructions	 
g++ -I. -I/usr/include/SDL2 -c -std=c++17 -g -o obj/instructions/SetDelayTimerToX.o instructions/SetDelayTimerToX.cpp
mkdir -p obj/instructions	 
g++ -I. -I/usr/include/SDL2 -c -std=c++17 -g -o obj/instructions/AddToIndex.o instructions/AddToIndex.cpp
mkdir -p obj/instructions	 
g++ -I. -I/usr/include/SDL2 -c -std=c++17 -g -o obj/instructions/GetKey.o instructions/GetKey.cpp
mkdir -p obj/instructions	 
g++ -I. -I/usr/include/SDL2 -c -std=c++17 -g -o obj/instructions/SetIndexToFont.o instructions/SetIndexToFont.cpp
mkdir -p obj/instructions	 
g++ -I. -I/usr/include/SDL2 -c -std=c++17 -g -o obj/instructions/StoreBinaryCodedDecimal.o instructions/StoreBinaryCodedDecimal.cpp
mkdir -p obj/instructions	 
g++ -I. -I/usr/include/SDL2 -c -std=c++17 -g -o obj/instructions/StoreRegsInMemory.o instructions/StoreRegsInMemory.cpp
mkdir -p obj/instructions	 
g++ -I. -I/usr/include/SDL2 -c -std=c++17 -g -o obj/instructions/LoadRegsFromMemory.o instructions/LoadRegsFromMemory.cpp
mkdir -p obj	 
g++ -I. -I/usr/include/SDL2 -c -std=c++17 -g -o obj/main.o main.cpp
g++ -o tater-chip-8 obj/Chip8.o obj/Timer.o obj/SoundTimer.o obj/Chip8SdlWrapper.o obj/InstructionFactory.o obj/instructions/InstructionBase.o obj/instructions/ClearScreen.o obj/instructions/Display.o obj/instructions/Jump.o obj/instructions/SetReg.o obj/instructions/Add.o obj/instructions/SetIndex.o obj/instructions/Subroutine.o obj/instructions/SubroutineReturn.o obj/instructions/SkipIfXEqual.o obj/instructions/SkipIfXNotEqual.o obj/instructions/SkipIfXYEqual.o obj/instructions/SkipIfXYNotEqual.o obj/instructions/Set.o obj/instructions/BinaryOr.o obj/instructions/BinaryAnd.o obj/instructions/LogicalXor.o obj/instructions/AddWithCarry.o obj/instructions/Subtract.o obj/instructions/SubtractYfromX.o obj/instructions/SubtractXfromY.o obj/instructions/ShiftLeft.o obj/instructions/ShiftRight.o obj/instructions/Random.o obj/instructions/JumpWithOffSet.o obj/instructions/SkipIfKeyPressed.o obj/instructions/SkipIfKeyNotPressed.o obj/instructions/SetSoundTimer.o obj/instructions/SetXToDelayTimer.o obj/instructions/SetDelayTimerToX.o obj/instructions/AddToIndex.o obj/instructions/GetKey.o obj/instructions/SetIndexToFont.o obj/instructions/StoreBinaryCodedDecimal.o obj/instructions/StoreRegsInMemory.o obj/instructions/LoadRegsFromMemory.o obj/main.o -lSDL2main -lSDL2 
make: Leaving directory '/home/kyle/clones/tater-chip-8'
 
