make all --print-data-base --no-builtin-variables --no-builtin-rules --question
make: *** No rule to make target 'all'.  Stop.
 
# GNU Make 4.2.1
# Built for x86_64-pc-linux-gnu
# Copyright (C) 1988-2016 Free Software Foundation, Inc.
# License GPLv3+: GNU GPL version 3 or later <http://gnu.org/licenses/gpl.html>
# This is free software: you are free to change and redistribute it.
# There is NO WARRANTY, to the extent permitted by law.

# Make data base, printed on Mon Nov  1 19:44:17 2021

# Variables

# automatic
<D = $(patsubst %/,%,$(dir $<))
# automatic
?F = $(notdir $?)
# environment
DESKTOP_SESSION = xubuntu
 
# default
.SHELLFLAGS := -c
# environment
XDG_SESSION_CLASS = user
# makefile (from 'Makefile', line 5)
SRC = main.cpp Chip8.cpp Timer.cpp SoundTimer.cpp Display.cpp InstructionFactory.cpp instructions/InstructionBase.cpp instructions/ClearScreen.cpp
# environment
XDG_SESSION_TYPE = x11
# environment
VSCODE_LOG_NATIVE = false
# automatic
?D = $(patsubst %/,%,$(dir $?))
# automatic
@D = $(patsubst %/,%,$(dir $@))
# environment
XAUTHORITY = /home/kyle/.Xauthority
# environment
GDMSESSION = xubuntu
# default
MAKE_VERSION := 4.2.1
# makefile
CURDIR := /home/kyle/clones/tater-chip-8
# makefile
SHELL = /bin/sh
# environment
GDM_LANG = en_US
# environment
VSCODE_NLS_CONFIG = {"locale":"en-us","availableLanguages":{},"_languagePackSupport":true}
# environment
_ = /usr/share/code/code
# makefile (from 'Makefile', line 2)
CFLAGS = -I.
# environment
XDG_CONFIG_DIRS = /etc/xdg/xdg-xubuntu:/etc/xdg:/etc/xdg
# environment
GTK_OVERLAY_SCROLLING = 0
# makefile (from 'Makefile', line 1)
 
MAKEFILE_LIST :=  Makefile
# automatic
@F = $(notdir $@)
# 'override' directive
GNUMAKEFLAGS := 
# environment
XDG_DATA_DIRS = /usr/share/xubuntu:/usr/share/xfce4:/usr/local/share:/usr/share:/var/lib/snapd/desktop:/usr/share
# environment
DBUS_SESSION_BUS_ADDRESS = unix:path=/run/user/1000/bus
# environment
VSCODE_VERBOSE_LOGGING = true
# makefile (from 'Makefile', line 14)
OBJS = $(SRC:.cpp=.o)		
# environment
LESSOPEN = | /usr/bin/lesspipe %s
# makefile (from 'Makefile', line 3)
APP = tater-chip-8
# environment
VSCODE_CWD = /home/kyle
# environment
XDG_SESSION_PATH = /org/freedesktop/DisplayManager/Session0
# default
MAKE_HOST := x86_64-pc-linux-gnu
# environment
PATH = /usr/local/sbin:/usr/local/bin:/usr/sbin:/usr/bin:/sbin:/bin:/usr/games:/usr/local/games:/snap/bin
# environment
GPG_AGENT_INFO = /run/user/1000/gnupg/S.gpg-agent:0:1
# environment
SESSION_MANAGER = local/Xubuntu-VirtualBox:@/tmp/.ICE-unix/716,unix/Xubuntu-VirtualBox:/tmp/.ICE-unix/716
# environment
XDG_RUNTIME_DIR = /run/user/1000
# environment
XDG_MENU_PREFIX = xfce-
# environment
VSCODE_LOG_STACK = false
# environment
VSCODE_CRASH_REPORTER_START_OPTIONS = {"companyName":"Microsoft","productName":"VSCode","submitURL":"appcenter://code?aid=fba07a4d-84bd-4fc8-a125-9640fc8ce171&uid=a761662b-61e1-4600-ab1c-d939876e421c&iid=a761662b-61e1-4600-ab1c-d939876e421c&sid=a761662b-61e1-4600-ab1c-d939876e421c","uploadToServer":true}
# default
.FEATURES := target-specific order-only second-expansion else-if shortest-stem undefine oneshell archives jobserver output-sync check-symlink load
# environment
XDG_GREETER_DATA_DIR = /var/lib/lightdm-data/kyle
# environment
LS_COLORS = 
# environment
XDG_SESSION_DESKTOP = xubuntu
# environment
SSH_AUTH_SOCK = /run/user/1000/keyring/ssh
# automatic
%F = $(notdir $%)
# environment
DISPLAY = :0.0
# environment
VSCODE_PIPE_LOGGING = true
# environment
PWD = /home/kyle/clones/tater-chip-8
# environment
QT_QPA_PLATFORMTHEME = gtk2
# default
.LOADED := 
# environment
XDG_SEAT = seat0
# environment
SSH_AGENT_PID = 799
# environment
ORIGINAL_XDG_CURRENT_DESKTOP = XFCE
# environment
VSCODE_AMD_ENTRYPOINT = vs/workbench/services/extensions/node/extensionHostProcess
# environment
HOME = /home/kyle
# environment
LESSCLOSE = /usr/bin/lesspipe %s %s
# environment
VSCODE_CODE_CACHE_PATH = /home/kyle/.config/Code/CachedData/6cba118ac49a1b88332f312a8f67186f7f3c1643
# environment
LOGNAME = kyle
# environment
APPLICATION_INSIGHTS_NO_DIAGNOSTIC_CHANNEL = true
# environment
VSCODE_HANDLES_UNCAUGHT_ERRORS = true
# automatic
^D = $(patsubst %/,%,$(dir $^))
# environment
XDG_VTNR = 7
# environment
CLUTTER_BACKEND = x11
# environment
MAKELEVEL := 0
# default
MAKE = $(MAKE_COMMAND)
# default
MAKECMDGOALS := all
# environment
SHLVL = 0
# makefile (from 'Makefile', line 1)
CC = g++
# environment
VSCODE_IPC_HOOK_EXTHOST = /run/user/1000/vscode-ipc-7f81a22f-e8bd-4b24-9c31-a5485db3af33.sock
# environment
XDG_SESSION_ID = c1
# environment
USER = kyle
# makefile
.DEFAULT_GOAL := tater-chip-8
# environment
XDG_CURRENT_DESKTOP = XFCE
# automatic
%D = $(patsubst %/,%,$(dir $%))
# default
MAKE_COMMAND := make
# default
.VARIABLES := 
# automatic
*F = $(notdir $*)
# environment
LANGUAGE = en_US
# environment
XDG_SEAT_PATH = /org/freedesktop/DisplayManager/Seat0
# environment
VSCODE_IPC_HOOK = /run/user/1000/vscode-aef48fbd-1.61.2-main.sock
# makefile
MAKEFLAGS = pqrR
# environment
MFLAGS = -pqrR
# automatic
*D = $(patsubst %/,%,$(dir $*))
# environment
BREAKPAD_DUMP_LOCATION = /home/kyle/.config/Code/exthost Crash Reports
# automatic
+D = $(patsubst %/,%,$(dir $+))
# environment
GDK_BACKEND = x11
# automatic
+F = $(notdir $+)
# environment
QT_ACCESSIBILITY = 1
# default
MAKEFILES := 
# automatic
<F = $(notdir $<)
# environment
ELECTRON_RUN_AS_NODE = 1
# environment
LC_ALL = C
# automatic
^F = $(notdir $^)
# default
SUFFIXES := 
# environment
CHROME_DESKTOP = code-url-handler.desktop
# default
.INCLUDE_DIRS = /usr/include /usr/local/include /usr/include
# default
.RECIPEPREFIX := 
# environment
LANG = C
# environment
VSCODE_PID = 1169
# variable set hash-table stats:
# Load=100/1024=10%, Rehash=0, Collisions=10/128=8%

# Pattern-specific Variable Values

# No pattern-specific variable values.

# Directories

# . (device 2053, inode 393872): 27 files, no impossibilities.

# 27 files, no impossibilities in 1 directories.

# Implicit Rules

# No implicit rules.

# Files

# Not a target:
instructions/ClearScreen.o:
#  Implicit rule search has not been done.
#  Modification time never checked.
#  File has not been updated.

# Not a target:
all:
#  Command line target.
#  Implicit rule search has been done.
#  File does not exist.
#  File has not been updated.

tater-chip-8: main.o Chip8.o Timer.o SoundTimer.o Display.o InstructionFactory.o instructions/InstructionBase.o instructions/ClearScreen.o
#  Implicit rule search has not been done.
#  Modification time never checked.
#  File has not been updated.
#  recipe to execute (from 'Makefile', line 17):
	$(CC) -o $(APP) $(OBJS)

# Not a target:
Makefile:
#  Implicit rule search has been done.
 
#  Last modified 2021-11-01 19:42:51.279977731
#  File has been updated.
#  Successfully updated.

# Not a target:
.DEFAULT:
#  Implicit rule search has not been done.
#  Modification time never checked.
#  File has not been updated.

# Not a target:
instructions/InstructionBase.o:
#  Implicit rule search has not been done.
#  Modification time never checked.
#  File has not been updated.

# Not a target:
SoundTimer.o:
#  Implicit rule search has not been done.
#  Modification time never checked.
#  File has not been updated.

clean:
#  Implicit rule search has not been done.
#  Modification time never checked.
#  File has not been updated.
#  recipe to execute (from 'Makefile', line 20):
	rm -f $(OBJS) $(APP)

# Not a target:
Display.o:
#  Implicit rule search has not been done.
#  Modification time never checked.
#  File has not been updated.

# Not a target:
main.o:
#  Implicit rule search has not been done.
#  Modification time never checked.
#  File has not been updated.

# Not a target:
Timer.o:
#  Implicit rule search has not been done.
#  Modification time never checked.
#  File has not been updated.

# Not a target:
Chip8.o:
#  Implicit rule search has not been done.
#  Modification time never checked.
#  File has not been updated.

# Not a target:
InstructionFactory.o:
#  Implicit rule search has not been done.
#  Modification time never checked.
#  File has not been updated.

# files hash-table stats:
# Load=14/1024=1%, Rehash=0, Collisions=1/32=3%
# VPATH Search Paths

# No 'vpath' search paths.

# No general ('VPATH' variable) search path.

# strcache buffers: 1 (0) / strings = 35 / storage = 407 B / avg = 11 B
# current buf: size = 8162 B / used = 407 B / count = 35 / avg = 11 B

# strcache performance: lookups = 48 / hit rate = 27%
# hash-table stats:
# Load=35/8192=0%, Rehash=0, Collisions=1/48=2%
# Finished Make data base on Mon Nov  1 19:44:17 2021

 
